# JRE version: OpenJDK Runtime Environment (8.0_212-b04) (build 1.8.0_212-b04)
# Java VM: OpenJDK 64-Bit Server VM (25.212-b04 mixed mode linux-amd64 compressed oops)
Heap:
 def new generation   total 74304K, used 5017K [0x00000000c3c00000, 0x00000000c8ca0000, 0x00000000d7d50000)
  eden space 66048K,   7% used [0x00000000c3c00000, 0x00000000c40e67f8, 0x00000000c7c80000)
  from space 8256K,   0% used [0x00000000c7c80000, 0x00000000c7c80000, 0x00000000c8490000)
  to   space 8256K,   0% used [0x00000000c8490000, 0x00000000c8490000, 0x00000000c8ca0000)
 tenured generation   total 173808K, used 173807K [0x00000000d7d50000, 0x00000000e270c000, 0x0000000100000000)
   the space 173808K,  99% used [0x00000000d7d50000, 0x00000000e270bff0, 0x00000000e270c000, 0x00000000e270c000)
 Metaspace       used 48541K, capacity 51829K, committed 51968K, reserved 1093632K
  class space    used 6799K, capacity 7671K, committed 7680K, reserved 1048576K
GC Heap History (10 events):
Event: 202.522 GC heap after
Heap after GC invocations=213 (full 4):
 def new generation   total 74304K, used 2782K [0x00000000c3c00000, 0x00000000c8ca0000, 0x00000000d7d50000)
  eden space 66048K,   0% used [0x00000000c3c00000, 0x00000000c3c00000, 0x00000000c7c80000)
  from space 8256K,  33% used [0x00000000c8490000, 0x00000000c87479c0, 0x00000000c8ca0000)
  to   space 8256K,   0% used [0x00000000c7c80000, 0x00000000c7c80000, 0x00000000c8490000)
 tenured generation   total 164976K, used 147324K [0x00000000d7d50000, 0x00000000e1e6c000, 0x0000000100000000)
   the space 164976K,  89% used [0x00000000d7d50000, 0x00000000e0d2f088, 0x00000000e0d2f200, 0x00000000e1e6c000)
 Metaspace       used 48423K, capacity 51739K, committed 51968K, reserved 1093632K
  class space    used 6795K, capacity 7670K, committed 7680K, reserved 1048576K
}
Event: 206.904 GC heap before
{Heap before GC invocations=213 (full 4):
 def new generation   total 74304K, used 68830K [0x00000000c3c00000, 0x00000000c8ca0000, 0x00000000d7d50000)
  eden space 66048K, 100% used [0x00000000c3c00000, 0x00000000c7c80000, 0x00000000c7c80000)
  from space 8256K,  33% used [0x00000000c8490000, 0x00000000c87479c0, 0x00000000c8ca0000)
  to   space 8256K,   0% used [0x00000000c7c80000, 0x00000000c7c80000, 0x00000000c8490000)
 tenured generation   total 164976K, used 147324K [0x00000000d7d50000, 0x00000000e1e6c000, 0x0000000100000000)
   the space 164976K,  89% used [0x00000000d7d50000, 0x00000000e0d2f088, 0x00000000e0d2f200, 0x00000000e1e6c000)
 Metaspace       used 48450K, capacity 51743K, committed 51968K, reserved 1093632K
  class space    used 6795K, capacity 7670K, committed 7680K, reserved 1048576K
Event: 206.983 GC heap after
Heap after GC invocations=214 (full 4):
 def new generation   total 74304K, used 6193K [0x00000000c3c00000, 0x00000000c8ca0000, 0x00000000d7d50000)
  eden space 66048K,   0% used [0x00000000c3c00000, 0x00000000c3c00000, 0x00000000c7c80000)
  from space 8256K,  75% used [0x00000000c7c80000, 0x00000000c828c558, 0x00000000c8490000)
  to   space 8256K,   0% used [0x00000000c8490000, 0x00000000c8490000, 0x00000000c8ca0000)
 tenured generation   total 164976K, used 147324K [0x00000000d7d50000, 0x00000000e1e6c000, 0x0000000100000000)
   the space 164976K,  89% used [0x00000000d7d50000, 0x00000000e0d2f088, 0x00000000e0d2f200, 0x00000000e1e6c000)
 Metaspace       used 48450K, capacity 51743K, committed 51968K, reserved 1093632K
  class space    used 6795K, capacity 7670K, committed 7680K, reserved 1048576K
}
Event: 213.887 GC heap before
{Heap before GC invocations=214 (full 4):
 def new generation   total 74304K, used 72241K [0x00000000c3c00000, 0x00000000c8ca0000, 0x00000000d7d50000)
  eden space 66048K, 100% used [0x00000000c3c00000, 0x00000000c7c80000, 0x00000000c7c80000)
  from space 8256K,  75% used [0x00000000c7c80000, 0x00000000c828c558, 0x00000000c8490000)
  to   space 8256K,   0% used [0x00000000c8490000, 0x00000000c8490000, 0x00000000c8ca0000)
 tenured generation   total 164976K, used 147324K [0x00000000d7d50000, 0x00000000e1e6c000, 0x0000000100000000)
   the space 164976K,  89% used [0x00000000d7d50000, 0x00000000e0d2f088, 0x00000000e0d2f200, 0x00000000e1e6c000)
 Metaspace       used 48464K, capacity 51743K, committed 51968K, reserved 1093632K
  class space    used 6795K, capacity 7670K, committed 7680K, reserved 1048576K
Event: 214.002 GC heap after
Heap after GC invocations=215 (full 4):
 def new generation   total 74304K, used 8256K [0x00000000c3c00000, 0x00000000c8ca0000, 0x00000000d7d50000)
  eden space 66048K,   0% used [0x00000000c3c00000, 0x00000000c3c00000, 0x00000000c7c80000)
  from space 8256K, 100% used [0x00000000c8490000, 0x00000000c8ca0000, 0x00000000c8ca0000)
  to   space 8256K,   0% used [0x00000000c7c80000, 0x00000000c7c80000, 0x00000000c8490000)
 tenured generation   total 164976K, used 150523K [0x00000000d7d50000, 0x00000000e1e6c000, 0x0000000100000000)
   the space 164976K,  91% used [0x00000000d7d50000, 0x00000000e104ec38, 0x00000000e104ee00, 0x00000000e1e6c000)
 Metaspace       used 48464K, capacity 51743K, committed 51968K, reserved 1093632K
  class space    used 6795K, capacity 7670K, committed 7680K, reserved 1048576K
}
Event: 220.954 GC heap before
{Heap before GC invocations=215 (full 4):
 def new generation   total 74304K, used 74304K [0x00000000c3c00000, 0x00000000c8ca0000, 0x00000000d7d50000)
  eden space 66048K, 100% used [0x00000000c3c00000, 0x00000000c7c80000, 0x00000000c7c80000)
  from space 8256K, 100% used [0x00000000c8490000, 0x00000000c8ca0000, 0x00000000c8ca0000)
  to   space 8256K,   0% used [0x00000000c7c80000, 0x00000000c7c80000, 0x00000000c8490000)
 tenured generation   total 164976K, used 150523K [0x00000000d7d50000, 0x00000000e1e6c000, 0x0000000100000000)
   the space 164976K,  91% used [0x00000000d7d50000, 0x00000000e104ec38, 0x00000000e104ee00, 0x00000000e1e6c000)
 Metaspace       used 48498K, capacity 51815K, committed 51968K, reserved 1093632K
  class space    used 6796K, capacity 7670K, committed 7680K, reserved 1048576K
Event: 221.089 GC heap after
Heap after GC invocations=216 (full 4):
 def new generation   total 74304K, used 5715K [0x00000000c3c00000, 0x00000000c8ca0000, 0x00000000d7d50000)
  eden space 66048K,   0% used [0x00000000c3c00000, 0x00000000c3c00000, 0x00000000c7c80000)
  from space 8256K,  69% used [0x00000000c7c80000, 0x00000000c8214c78, 0x00000000c8490000)
  to   space 8256K,   0% used [0x00000000c8490000, 0x00000000c8490000, 0x00000000c8ca0000)
 tenured generation   total 164976K, used 158679K [0x00000000d7d50000, 0x00000000e1e6c000, 0x0000000100000000)
   the space 164976K,  96% used [0x00000000d7d50000, 0x00000000e1845f00, 0x00000000e1846000, 0x00000000e1e6c000)
 Metaspace       used 48498K, capacity 51815K, committed 51968K, reserved 1093632K
  class space    used 6796K, capacity 7670K, committed 7680K, reserved 1048576K
}
Event: 226.668 GC heap before
{Heap before GC invocations=216 (full 4):
 def new generation   total 74304K, used 71763K [0x00000000c3c00000, 0x00000000c8ca0000, 0x00000000d7d50000)
  eden space 66048K, 100% used [0x00000000c3c00000, 0x00000000c7c80000, 0x00000000c7c80000)
  from space 8256K,  69% used [0x00000000c7c80000, 0x00000000c8214c78, 0x00000000c8490000)
  to   space 8256K,   0% used [0x00000000c8490000, 0x00000000c8490000, 0x00000000c8ca0000)
 tenured generation   total 164976K, used 158679K [0x00000000d7d50000, 0x00000000e1e6c000, 0x0000000100000000)
   the space 164976K,  96% used [0x00000000d7d50000, 0x00000000e1845f00, 0x00000000e1846000, 0x00000000e1e6c000)
 Metaspace       used 48507K, capacity 51823K, committed 51968K, reserved 1093632K
  class space    used 6796K, capacity 7670K, committed 7680K, reserved 1048576K
Event: 226.716 GC heap after
Heap after GC invocations=217 (full 4):
 def new generation   total 74304K, used 6145K [0x00000000c3c00000, 0x00000000c8ca0000, 0x00000000d7d50000)
  eden space 66048K,   0% used [0x00000000c3c00000, 0x00000000c3c00000, 0x00000000c7c80000)
  from space 8256K,  74% used [0x00000000c8490000, 0x00000000c8a90470, 0x00000000c8ca0000)
  to   space 8256K,   0% used [0x00000000c7c80000, 0x00000000c7c80000, 0x00000000c8490000)
 tenured generation   total 164976K, used 164304K [0x00000000d7d50000, 0x00000000e1e6c000, 0x0000000100000000)
   the space 164976K,  99% used [0x00000000d7d50000, 0x00000000e1dc41c8, 0x00000000e1dc4200, 0x00000000e1e6c000)
 Metaspace       used 48507K, capacity 51823K, committed 51968K, reserved 1093632K
  class space    used 6796K, capacity 7670K, committed 7680K, reserved 1048576K
}
Event: 233.376 GC heap before
{Heap before GC invocations=217 (full 4):
 def new generation   total 74304K, used 72193K [0x00000000c3c00000, 0x00000000c8ca0000, 0x00000000d7d50000)
  eden space 66048K, 100% used [0x00000000c3c00000, 0x00000000c7c80000, 0x00000000c7c80000)
  from space 8256K,  74% used [0x00000000c8490000, 0x00000000c8a90470, 0x00000000c8ca0000)
  to   space 8256K,   0% used [0x00000000c7c80000, 0x00000000c7c80000, 0x00000000c8490000)
 tenured generation   total 164976K, used 164304K [0x00000000d7d50000, 0x00000000e1e6c000, 0x0000000100000000)
   the space 164976K,  99% used [0x00000000d7d50000, 0x00000000e1dc41c8, 0x00000000e1dc4200, 0x00000000e1e6c000)
 Metaspace       used 48541K, capacity 51829K, committed 51968K, reserved 1093632K
  class space    used 6799K, capacity 7671K, committed 7680K, reserved 1048576K

