# JRE version: OpenJDK Runtime Environment (8.0_212-b04) (build 1.8.0_212-b04)
# Java VM: OpenJDK 64-Bit Server VM (25.212-b04 mixed mode linux-amd64 compressed oops)
Heap:
 def new generation   total 117440K, used 17476K [0x00000000c3c00000, 0x00000000cbb60000, 0x00000000d7d50000)
  eden space 104448K,   4% used [0x00000000c3c00000, 0x00000000c4061140, 0x00000000ca200000)
  from space 12992K, 100% used [0x00000000ca200000, 0x00000000caeb0000, 0x00000000caeb0000)
  to   space 12992K,   0% used [0x00000000caeb0000, 0x00000000caeb0000, 0x00000000cbb60000)
 tenured generation   total 260832K, used 203217K [0x00000000d7d50000, 0x00000000e7c08000, 0x0000000100000000)
   the space 260832K,  77% used [0x00000000d7d50000, 0x00000000e43c4698, 0x00000000e43c4800, 0x00000000e7c08000)
 Metaspace       used 51932K, capacity 55595K, committed 55936K, reserved 1097728K
  class space    used 7048K, capacity 7968K, committed 8064K, reserved 1048576K
GC Heap History (10 events):
Event: 291.196 GC heap before
{Heap before GC invocations=227 (full 5):
 def new generation   total 117440K, used 106866K [0x00000000c3c00000, 0x00000000cbb60000, 0x00000000d7d50000)
  eden space 104448K, 100% used [0x00000000c3c00000, 0x00000000ca200000, 0x00000000ca200000)
  from space 12992K,  18% used [0x00000000caeb0000, 0x00000000cb10c940, 0x00000000cbb60000)
  to   space 12992K,   0% used [0x00000000ca200000, 0x00000000ca200000, 0x00000000caeb0000)
 tenured generation   total 260832K, used 202330K [0x00000000d7d50000, 0x00000000e7c08000, 0x0000000100000000)
   the space 260832K,  77% used [0x00000000d7d50000, 0x00000000e42e6b08, 0x00000000e42e6c00, 0x00000000e7c08000)
 Metaspace       used 51762K, capacity 55467K, committed 55680K, reserved 1097728K
  class space    used 7042K, capacity 7968K, committed 8064K, reserved 1048576K
Event: 291.273 GC heap after
Heap after GC invocations=228 (full 5):
 def new generation   total 117440K, used 4854K [0x00000000c3c00000, 0x00000000cbb60000, 0x00000000d7d50000)
  eden space 104448K,   0% used [0x00000000c3c00000, 0x00000000c3c00000, 0x00000000ca200000)
  from space 12992K,  37% used [0x00000000ca200000, 0x00000000ca6bdb00, 0x00000000caeb0000)
  to   space 12992K,   0% used [0x00000000caeb0000, 0x00000000caeb0000, 0x00000000cbb60000)
 tenured generation   total 260832K, used 202330K [0x00000000d7d50000, 0x00000000e7c08000, 0x0000000100000000)
   the space 260832K,  77% used [0x00000000d7d50000, 0x00000000e42e6b08, 0x00000000e42e6c00, 0x00000000e7c08000)
 Metaspace       used 51762K, capacity 55467K, committed 55680K, reserved 1097728K
  class space    used 7042K, capacity 7968K, committed 8064K, reserved 1048576K
}
Event: 295.272 GC heap before
{Heap before GC invocations=228 (full 5):
 def new generation   total 117440K, used 109302K [0x00000000c3c00000, 0x00000000cbb60000, 0x00000000d7d50000)
  eden space 104448K, 100% used [0x00000000c3c00000, 0x00000000ca200000, 0x00000000ca200000)
  from space 12992K,  37% used [0x00000000ca200000, 0x00000000ca6bdb00, 0x00000000caeb0000)
  to   space 12992K,   0% used [0x00000000caeb0000, 0x00000000caeb0000, 0x00000000cbb60000)
 tenured generation   total 260832K, used 202330K [0x00000000d7d50000, 0x00000000e7c08000, 0x0000000100000000)
   the space 260832K,  77% used [0x00000000d7d50000, 0x00000000e42e6b08, 0x00000000e42e6c00, 0x00000000e7c08000)
 Metaspace       used 51783K, capacity 55467K, committed 55680K, reserved 1097728K
  class space    used 7042K, capacity 7968K, committed 8064K, reserved 1048576K
Event: 295.336 GC heap after
Heap after GC invocations=229 (full 5):
 def new generation   total 117440K, used 4866K [0x00000000c3c00000, 0x00000000cbb60000, 0x00000000d7d50000)
  eden space 104448K,   0% used [0x00000000c3c00000, 0x00000000c3c00000, 0x00000000ca200000)
  from space 12992K,  37% used [0x00000000caeb0000, 0x00000000cb3709b8, 0x00000000cbb60000)
  to   space 12992K,   0% used [0x00000000ca200000, 0x00000000ca200000, 0x00000000caeb0000)
 tenured generation   total 260832K, used 202403K [0x00000000d7d50000, 0x00000000e7c08000, 0x0000000100000000)
   the space 260832K,  77% used [0x00000000d7d50000, 0x00000000e42f8e40, 0x00000000e42f9000, 0x00000000e7c08000)
 Metaspace       used 51783K, capacity 55467K, committed 55680K, reserved 1097728K
  class space    used 7042K, capacity 7968K, committed 8064K, reserved 1048576K
}
Event: 304.292 GC heap before
{Heap before GC invocations=229 (full 5):
 def new generation   total 117440K, used 109314K [0x00000000c3c00000, 0x00000000cbb60000, 0x00000000d7d50000)
  eden space 104448K, 100% used [0x00000000c3c00000, 0x00000000ca200000, 0x00000000ca200000)
  from space 12992K,  37% used [0x00000000caeb0000, 0x00000000cb3709b8, 0x00000000cbb60000)
  to   space 12992K,   0% used [0x00000000ca200000, 0x00000000ca200000, 0x00000000caeb0000)
 tenured generation   total 260832K, used 202403K [0x00000000d7d50000, 0x00000000e7c08000, 0x0000000100000000)
   the space 260832K,  77% used [0x00000000d7d50000, 0x00000000e42f8e40, 0x00000000e42f9000, 0x00000000e7c08000)
 Metaspace       used 51816K, capacity 55531K, committed 55680K, reserved 1097728K
  class space    used 7042K, capacity 7968K, committed 8064K, reserved 1048576K
Event: 304.350 GC heap after
Heap after GC invocations=230 (full 5):
 def new generation   total 117440K, used 5562K [0x00000000c3c00000, 0x00000000cbb60000, 0x00000000d7d50000)
  eden space 104448K,   0% used [0x00000000c3c00000, 0x00000000c3c00000, 0x00000000ca200000)
  from space 12992K,  42% used [0x00000000ca200000, 0x00000000ca76e8c8, 0x00000000caeb0000)
  to   space 12992K,   0% used [0x00000000caeb0000, 0x00000000caeb0000, 0x00000000cbb60000)
 tenured generation   total 260832K, used 202466K [0x00000000d7d50000, 0x00000000e7c08000, 0x0000000100000000)
   the space 260832K,  77% used [0x00000000d7d50000, 0x00000000e4308b80, 0x00000000e4308c00, 0x00000000e7c08000)
 Metaspace       used 51816K, capacity 55531K, committed 55680K, reserved 1097728K
  class space    used 7042K, capacity 7968K, committed 8064K, reserved 1048576K
}
Event: 310.771 GC heap before
{Heap before GC invocations=230 (full 5):
 def new generation   total 117440K, used 110010K [0x00000000c3c00000, 0x00000000cbb60000, 0x00000000d7d50000)
  eden space 104448K, 100% used [0x00000000c3c00000, 0x00000000ca200000, 0x00000000ca200000)
  from space 12992K,  42% used [0x00000000ca200000, 0x00000000ca76e8c8, 0x00000000caeb0000)
  to   space 12992K,   0% used [0x00000000caeb0000, 0x00000000caeb0000, 0x00000000cbb60000)
 tenured generation   total 260832K, used 202466K [0x00000000d7d50000, 0x00000000e7c08000, 0x0000000100000000)
   the space 260832K,  77% used [0x00000000d7d50000, 0x00000000e4308b80, 0x00000000e4308c00, 0x00000000e7c08000)
 Metaspace       used 51857K, capacity 55531K, committed 55680K, reserved 1097728K
  class space    used 7042K, capacity 7968K, committed 8064K, reserved 1048576K
Event: 310.900 GC heap after
Heap after GC invocations=231 (full 5):
 def new generation   total 117440K, used 4559K [0x00000000c3c00000, 0x00000000cbb60000, 0x00000000d7d50000)
  eden space 104448K,   0% used [0x00000000c3c00000, 0x00000000c3c00000, 0x00000000ca200000)
  from space 12992K,  35% used [0x00000000caeb0000, 0x00000000cb323c00, 0x00000000cbb60000)
  to   space 12992K,   0% used [0x00000000ca200000, 0x00000000ca200000, 0x00000000caeb0000)
 tenured generation   total 260832K, used 202541K [0x00000000d7d50000, 0x00000000e7c08000, 0x0000000100000000)
   the space 260832K,  77% used [0x00000000d7d50000, 0x00000000e431b440, 0x00000000e431b600, 0x00000000e7c08000)
 Metaspace       used 51857K, capacity 55531K, committed 55680K, reserved 1097728K
  class space    used 7042K, capacity 7968K, committed 8064K, reserved 1048576K
}
Event: 319.491 GC heap before
{Heap before GC invocations=231 (full 5):
 def new generation   total 117440K, used 109007K [0x00000000c3c00000, 0x00000000cbb60000, 0x00000000d7d50000)
  eden space 104448K, 100% used [0x00000000c3c00000, 0x00000000ca200000, 0x00000000ca200000)
  from space 12992K,  35% used [0x00000000caeb0000, 0x00000000cb323c00, 0x00000000cbb60000)
  to   space 12992K,   0% used [0x00000000ca200000, 0x00000000ca200000, 0x00000000caeb0000)
 tenured generation   total 260832K, used 202541K [0x00000000d7d50000, 0x00000000e7c08000, 0x0000000100000000)
   the space 260832K,  77% used [0x00000000d7d50000, 0x00000000e431b440, 0x00000000e431b600, 0x00000000e7c08000)
 Metaspace       used 51932K, capacity 55595K, committed 55936K, reserved 1097728K
  class space    used 7048K, capacity 7968K, committed 8064K, reserved 1048576K
Event: 319.817 GC heap after
Heap after GC invocations=232 (full 5):
 def new generation   total 117440K, used 12992K [0x00000000c3c00000, 0x00000000cbb60000, 0x00000000d7d50000)
  eden space 104448K,   0% used [0x00000000c3c00000, 0x00000000c3c00000, 0x00000000ca200000)
  from space 12992K, 100% used [0x00000000ca200000, 0x00000000caeb0000, 0x00000000caeb0000)
  to   space 12992K,   0% used [0x00000000caeb0000, 0x00000000caeb0000, 0x00000000cbb60000)
 tenured generation   total 260832K, used 203217K [0x00000000d7d50000, 0x00000000e7c08000, 0x0000000100000000)
   the space 260832K,  77% used [0x00000000d7d50000, 0x00000000e43c4698, 0x00000000e43c4800, 0x00000000e7c08000)
 Metaspace       used 51932K, capacity 55595K, committed 55936K, reserved 1097728K
  class space    used 7048K, capacity 7968K, committed 8064K, reserved 1048576K
}

